<?xml version="1.0" encoding="UTF-8"?>
<Site BuildName="(empty)"
	BuildStamp="20240614-0122-Experimental"
	Name="daniel815UbuC"
	Generator="ctest-3.22.1"
	CompilerName="/usr/bin/c++"
	CompilerVersion="11.4.0"
	OSName="Linux"
	Hostname="daniel815UbuC"
	OSRelease="6.5.0-35-generic"
	OSVersion="#35~22.04.1-Ubuntu SMP PREEMPT_DYNAMIC Tue May  7 09:00:52 UTC 2"
	OSPlatform="x86_64"
	Is64Bits="1"
	VendorString="GenuineIntel"
	VendorID="Intel Corporation"
	FamilyID="6"
	ModelID="140"
	ProcessorCacheSize="8192"
	NumberOfLogicalCPU="8"
	NumberOfPhysicalCPU="4"
	TotalVirtualMemory="0"
	TotalPhysicalMemory="7730"
	LogicalProcessorsPerPhysical="2"
	ProcessorClockFrequency="3799.98"
	>
	<Testing>
		<StartDateTime>Jun 14 17:02 CST</StartDateTime>
		<StartTestTime>1718406174</StartTestTime>
		<TestList/>
		<EndDateTime>Jun 14 17:02 CST</EndDateTime>
		<EndTestTime>1718406174</EndTestTime>
		<ElapsedMinutes>0</ElapsedMinutes>
	</Testing>
</Site>
